C:\Program Files\Microsoft Visual Studio\2022\Community\MSBuild\Microsoft\VC\v170\Microsoft.CppBuild.targets(1119,5): warning MSB8027: Two or more files with the name of CMakeCCompilerId.c will produce outputs to the same location. This can lead to an incorrect build result.  The files involved are MyHell2024\out\build\x64-Debug\CMakeFiles\3.28.0-msvc1\CompilerIdC\CMakeCCompilerId.c, MyHell2024\vendor\glfw\build\CMakeFiles\3.30.3\CompilerIdC\CMakeCCompilerId.c, MyHell2024\vendor\glfw\out\build\x64-Debug\CMakeFiles\3.28.0-msvc1\CompilerIdC\CMakeCCompilerId.c.
C:\Program Files\Microsoft Visual Studio\2022\Community\MSBuild\Microsoft\VC\v170\Microsoft.CppBuild.targets(1119,5): warning MSB8027: Two or more files with the name of main.c will produce outputs to the same location. This can lead to an incorrect build result.  The files involved are MyHell2024\out\build\x64-Debug\CMakeFiles\ShowIncludes\main.c, MyHell2024\vendor\glfw\out\build\x64-Debug\CMakeFiles\ShowIncludes\main.c.
C:\Program Files\Microsoft Visual Studio\2022\Community\MSBuild\Microsoft\VC\v170\Microsoft.CppBuild.targets(1119,5): warning MSB8027: Two or more files with the name of window.c will produce outputs to the same location. This can lead to an incorrect build result.  The files involved are MyHell2024\vendor\glfw\src\window.c, MyHell2024\vendor\glfw\tests\window.c.
  CMakeCXXCompilerId.cpp
  Camera.cpp
  Input.cpp
  Inputt.cpp
/MyHell2024/src/Core/Input.cpp(1,1): error C1083: Cannot open source file: 'MyHell2024\src\Core\Input.cpp': No such file or directory
  (compiling source file '/MyHell2024/src/Core/Input.cpp')
  
D:\Users\Admin\source\repos\MyHell2024\MyHell2024\src\Core\Inputt.cpp(48,17): error C2429: language feature 'structured bindings' requires compiler flag '/std:c++17'
  Window.cpp
  Engine.cpp
D:\Users\Admin\source\repos\MyHell2024\MyHell2024\src\Renderer\Renderer.h(15,24): error C4596: 'Draw': illegal qualified name in member declaration
  (compiling source file 'MyHell2024/src/Engine.cpp')
  
D:\Users\Admin\source\repos\MyHell2024\MyHell2024\src\Game\Scene.h(11,10): error C1083: Cannot open include file: 'Texture.h': No such file or directory
  (compiling source file 'MyHell2024/src/Engine.cpp')
  
  Game.cpp
D:\Users\Admin\source\repos\MyHell2024\MyHell2024\src\Renderer\Renderer.h(15,24): error C4596: 'Draw': illegal qualified name in member declaration
  (compiling source file 'MyHell2024/src/Game/Game.cpp')
  
D:\Users\Admin\source\repos\MyHell2024\MyHell2024\src\Game\Scene.h(11,10): error C1083: Cannot open include file: 'Texture.h': No such file or directory
  (compiling source file 'MyHell2024/src/Game/Game.cpp')
  
  Player.cpp
  Scene.cpp
D:\Users\Admin\source\repos\MyHell2024\MyHell2024\src\Renderer\Renderer.h(15,24): error C4596: 'Draw': illegal qualified name in member declaration
  (compiling source file 'MyHell2024/src/Game/Scene.cpp')
  
D:\Users\Admin\source\repos\MyHell2024\MyHell2024\src\Game\Scene.h(11,10): error C1083: Cannot open include file: 'Texture.h': No such file or directory
  (compiling source file 'MyHell2024/src/Game/Scene.cpp')
  
  main.cpp
D:\Users\Admin\source\repos\MyHell2024\MyHell2024\src\Renderer\Renderer.h(15,24): error C4596: 'Draw': illegal qualified name in member declaration
  (compiling source file 'MyHell2024/src/main.cpp')
  
D:\Users\Admin\source\repos\MyHell2024\MyHell2024\src\Game\Scene.h(11,10): error C1083: Cannot open include file: 'Texture.h': No such file or directory
  (compiling source file 'MyHell2024/src/main.cpp')
  
  GLConfig.cpp
  Renderer.cpp
D:\Users\Admin\source\repos\MyHell2024\MyHell2024\src\Renderer\Renderer.h(15,24): error C4596: 'Draw': illegal qualified name in member declaration
  (compiling source file 'MyHell2024/src/Renderer/Renderer.cpp')
  
  Mesh.cpp
  Texture.cpp
  Shader.cpp
  glm.cpp
  glm.cppm
D:\Users\Admin\source\repos\MyHell2024\MyHell2024\vendor\glm\glm\glm.cppm(1,7): error C4430: missing type specifier - int assumed. Note: C++ does not support default-int
D:\Users\Admin\source\repos\MyHell2024\MyHell2024\vendor\glm\glm\glm.cppm(10,1): error C3378: a declaration can be exported only from a module interface unit
D:\Users\Admin\source\repos\MyHell2024\MyHell2024\vendor\glm\glm\glm.cppm(10,18): error C4430: missing type specifier - int assumed. Note: C++ does not support default-int
D:\Users\Admin\source\repos\MyHell2024\MyHell2024\vendor\glm\glm\glm.cppm(10,8): error C2086: 'int module': redefinition
  D:\Users\Admin\source\repos\MyHell2024\MyHell2024\vendor\glm\glm\glm.cppm(1,1):
  see declaration of 'module'
  
D:\Users\Admin\source\repos\MyHell2024\MyHell2024\vendor\glm\glm\glm.cppm(10,15): error C2146: syntax error: missing ';' before identifier 'glm'
D:\Users\Admin\source\repos\MyHell2024\MyHell2024\vendor\glm\glm\glm.cppm(12,1): error C3378: a declaration can be exported only from a module interface unit
D:\Users\Admin\source\repos\MyHell2024\MyHell2024\vendor\glm\glm\glm.cppm(2672,1): error C3378: a declaration can be exported only from a module interface unit
  Generating Code...
